<?xml version="1.0" encoding="UTF-8"?>
<testng-results skipped="0" failed="0" total="2" passed="2">
  <reporter-output>
  </reporter-output>
  <suite name="Suite" duration-ms="26379" started-at="2018-03-15T15:33:44Z" finished-at="2018-03-15T15:34:10Z">
    <groups>
    </groups>
    <test name="Test" duration-ms="26379" started-at="2018-03-15T15:33:44Z" finished-at="2018-03-15T15:34:10Z">
      <class name="jenkinsDemo.SampleJenkin">
        <test-method status="PASS" signature="launchBrowser()[pri:0, instance:jenkinsDemo.SampleJenkin@633a2e99]" name="launchBrowser" is-config="true" duration-ms="10033" started-at="2018-03-15T16:33:44Z" finished-at="2018-03-15T16:33:54Z">
          <reporter-output>
          </reporter-output>
        </test-method> <!-- launchBrowser -->
        <test-method status="PASS" signature="openWebsite()[pri:1, instance:jenkinsDemo.SampleJenkin@633a2e99]" name="openWebsite" duration-ms="11122" started-at="2018-03-15T16:33:54Z" finished-at="2018-03-15T16:34:05Z">
          <reporter-output>
          </reporter-output>
        </test-method> <!-- openWebsite -->
        <test-method status="PASS" signature="selectLink()[pri:2, instance:jenkinsDemo.SampleJenkin@633a2e99]" name="selectLink" duration-ms="5071" started-at="2018-03-15T16:34:05Z" finished-at="2018-03-15T16:34:10Z">
          <reporter-output>
          </reporter-output>
        </test-method> <!-- selectLink -->
        <test-method status="PASS" signature="tearDown()[pri:0, instance:jenkinsDemo.SampleJenkin@633a2e99]" name="tearDown" is-config="true" duration-ms="127" started-at="2018-03-15T16:34:10Z" finished-at="2018-03-15T16:34:10Z">
          <reporter-output>
          </reporter-output>
        </test-method> <!-- tearDown -->
      </class> <!-- jenkinsDemo.SampleJenkin -->
    </test> <!-- Test -->
  </suite> <!-- Suite -->
</testng-results>
