<?xml version="1.0" encoding="UTF-8"?>
<testng-results skipped="0" failed="0" total="2" passed="2">
  <reporter-output>
  </reporter-output>
  <suite name="Suite" duration-ms="26460" started-at="2018-03-15T15:07:57Z" finished-at="2018-03-15T15:08:24Z">
    <groups>
    </groups>
    <test name="Test" duration-ms="26460" started-at="2018-03-15T15:07:57Z" finished-at="2018-03-15T15:08:24Z">
      <class name="jenkinsDemo.SampleJenkin">
        <test-method status="PASS" signature="launchBrowser()[pri:0, instance:jenkinsDemo.SampleJenkin@1ed4004b]" name="launchBrowser" is-config="true" duration-ms="10821" started-at="2018-03-15T16:07:57Z" finished-at="2018-03-15T16:08:08Z">
          <reporter-output>
          </reporter-output>
        </test-method> <!-- launchBrowser -->
        <test-method status="PASS" signature="openWebsite()[pri:1, instance:jenkinsDemo.SampleJenkin@1ed4004b]" name="openWebsite" duration-ms="10617" started-at="2018-03-15T16:08:08Z" finished-at="2018-03-15T16:08:19Z">
          <reporter-output>
          </reporter-output>
        </test-method> <!-- openWebsite -->
        <test-method status="PASS" signature="selectLink()[pri:2, instance:jenkinsDemo.SampleJenkin@1ed4004b]" name="selectLink" duration-ms="4852" started-at="2018-03-15T16:08:19Z" finished-at="2018-03-15T16:08:24Z">
          <reporter-output>
          </reporter-output>
        </test-method> <!-- selectLink -->
        <test-method status="PASS" signature="tearDown()[pri:0, instance:jenkinsDemo.SampleJenkin@1ed4004b]" name="tearDown" is-config="true" duration-ms="145" started-at="2018-03-15T16:08:24Z" finished-at="2018-03-15T16:08:24Z">
          <reporter-output>
          </reporter-output>
        </test-method> <!-- tearDown -->
      </class> <!-- jenkinsDemo.SampleJenkin -->
    </test> <!-- Test -->
  </suite> <!-- Suite -->
</testng-results>
