<?xml version="1.0" encoding="UTF-8"?>
<testng-results skipped="0" failed="0" total="2" passed="2">
  <reporter-output>
  </reporter-output>
  <suite name="Suite" duration-ms="26317" started-at="2018-03-20T12:46:54Z" finished-at="2018-03-20T12:47:20Z">
    <groups>
    </groups>
    <test name="Test" duration-ms="26317" started-at="2018-03-20T12:46:54Z" finished-at="2018-03-20T12:47:20Z">
      <class name="jenkinsDemo.SampleJenkin">
        <test-method status="PASS" signature="setLoggingReporting()[pri:0, instance:jenkinsDemo.SampleJenkin@76707e36]" name="setLoggingReporting" is-config="true" duration-ms="18" started-at="2018-03-20T13:46:54Z" finished-at="2018-03-20T13:46:54Z">
          <reporter-output>
          </reporter-output>
        </test-method> <!-- setLoggingReporting -->
        <test-method status="PASS" signature="launchBrowser(java.lang.String)[pri:0, instance:jenkinsDemo.SampleJenkin@76707e36]" name="launchBrowser" is-config="true" duration-ms="11030" started-at="2018-03-20T13:46:54Z" finished-at="2018-03-20T13:47:05Z">
          <params>
            <param index="0">
              <value>
                <![CDATA[Chrome]]>
              </value>
            </param>
          </params>
          <reporter-output>
          </reporter-output>
        </test-method> <!-- launchBrowser -->
        <test-method status="PASS" signature="openWebsite()[pri:1, instance:jenkinsDemo.SampleJenkin@76707e36]" name="openWebsite" duration-ms="10225" started-at="2018-03-20T13:47:05Z" finished-at="2018-03-20T13:47:15Z">
          <reporter-output>
          </reporter-output>
        </test-method> <!-- openWebsite -->
        <test-method status="PASS" signature="selectLink()[pri:2, instance:jenkinsDemo.SampleJenkin@76707e36]" name="selectLink" duration-ms="4929" started-at="2018-03-20T13:47:15Z" finished-at="2018-03-20T13:47:20Z">
          <reporter-output>
          </reporter-output>
        </test-method> <!-- selectLink -->
        <test-method status="PASS" signature="tearDown()[pri:0, instance:jenkinsDemo.SampleJenkin@76707e36]" name="tearDown" is-config="true" duration-ms="110" started-at="2018-03-20T13:47:20Z" finished-at="2018-03-20T13:47:20Z">
          <reporter-output>
          </reporter-output>
        </test-method> <!-- tearDown -->
      </class> <!-- jenkinsDemo.SampleJenkin -->
    </test> <!-- Test -->
  </suite> <!-- Suite -->
</testng-results>
